# JRE version: Java(TM) SE Runtime Environment (8.0_221-b11) (build 1.8.0_221-b11)
# Java VM: Java HotSpot(TM) 64-Bit Server VM (25.221-b11 mixed mode windows-amd64 compressed oops)
Heap:
 PSYoungGen      total 590848K, used 464895K [0x000000076af00000, 0x00000007bf700000, 0x00000007c0000000)
  eden space 464896K, 99% used [0x000000076af00000,0x00000007874ffff0,0x0000000787500000)
  from space 125952K, 0% used [0x0000000787500000,0x0000000787500000,0x000000078f000000)
  to   space 459776K, 0% used [0x00000007a3600000,0x00000007a3600000,0x00000007bf700000)
 ParOldGen       total 2788352K, used 2788171K [0x00000006c0c00000, 0x000000076af00000, 0x000000076af00000)
  object space 2788352K, 99% used [0x00000006c0c00000,0x000000076aed2e58,0x000000076af00000)
 Metaspace       used 4132K, capacity 4790K, committed 4992K, reserved 1056768K
  class space    used 468K, capacity 534K, committed 640K, reserved 1048576K
GC Heap History (10 events):
Event: 163.921 GC heap after
Heap after GC invocations=82 (full 59):
 PSYoungGen      total 590848K, used 464895K [0x000000076af00000, 0x00000007bf700000, 0x00000007c0000000)
  eden space 464896K, 99% used [0x000000076af00000,0x00000007874fffc8,0x0000000787500000)
  from space 125952K, 0% used [0x0000000787500000,0x0000000787500000,0x000000078f000000)
  to   space 459776K, 0% used [0x00000007a3600000,0x00000007a3600000,0x00000007bf700000)
 ParOldGen       total 2788352K, used 2788171K [0x00000006c0c00000, 0x000000076af00000, 0x000000076af00000)
  object space 2788352K, 99% used [0x00000006c0c00000,0x000000076aed2e58,0x000000076af00000)
 Metaspace       used 4132K, capacity 4790K, committed 4992K, reserved 1056768K
  class space    used 468K, capacity 534K, committed 640K, reserved 1048576K
}
Event: 163.926 GC heap before
{Heap before GC invocations=83 (full 60):
 PSYoungGen      total 590848K, used 464895K [0x000000076af00000, 0x00000007bf700000, 0x00000007c0000000)
  eden space 464896K, 99% used [0x000000076af00000,0x00000007874ffff8,0x0000000787500000)
  from space 125952K, 0% used [0x0000000787500000,0x0000000787500000,0x000000078f000000)
  to   space 459776K, 0% used [0x00000007a3600000,0x00000007a3600000,0x00000007bf700000)
 ParOldGen       total 2788352K, used 2788171K [0x00000006c0c00000, 0x000000076af00000, 0x000000076af00000)
  object space 2788352K, 99% used [0x00000006c0c00000,0x000000076aed2e58,0x000000076af00000)
 Metaspace       used 4132K, capacity 4790K, committed 4992K, reserved 1056768K
  class space    used 468K, capacity 534K, committed 640K, reserved 1048576K
Event: 166.469 GC heap after
Heap after GC invocations=83 (full 60):
 PSYoungGen      total 590848K, used 464895K [0x000000076af00000, 0x00000007bf700000, 0x00000007c0000000)
  eden space 464896K, 99% used [0x000000076af00000,0x00000007874fff28,0x0000000787500000)
  from space 125952K, 0% used [0x0000000787500000,0x0000000787500000,0x000000078f000000)
  to   space 459776K, 0% used [0x00000007a3600000,0x00000007a3600000,0x00000007bf700000)
 ParOldGen       total 2788352K, used 2788171K [0x00000006c0c00000, 0x000000076af00000, 0x000000076af00000)
  object space 2788352K, 99% used [0x00000006c0c00000,0x000000076aed2e58,0x000000076af00000)
 Metaspace       used 4132K, capacity 4790K, committed 4992K, reserved 1056768K
  class space    used 468K, capacity 534K, committed 640K, reserved 1048576K
}
Event: 166.474 GC heap before
{Heap before GC invocations=84 (full 61):
 PSYoungGen      total 590848K, used 464896K [0x000000076af00000, 0x00000007bf700000, 0x00000007c0000000)
  eden space 464896K, 100% used [0x000000076af00000,0x0000000787500000,0x0000000787500000)
  from space 125952K, 0% used [0x0000000787500000,0x0000000787500000,0x000000078f000000)
  to   space 459776K, 0% used [0x00000007a3600000,0x00000007a3600000,0x00000007bf700000)
 ParOldGen       total 2788352K, used 2788171K [0x00000006c0c00000, 0x000000076af00000, 0x000000076af00000)
  object space 2788352K, 99% used [0x00000006c0c00000,0x000000076aed2e58,0x000000076af00000)
 Metaspace       used 4132K, capacity 4790K, committed 4992K, reserved 1056768K
  class space    used 468K, capacity 534K, committed 640K, reserved 1048576K
Event: 169.027 GC heap after
Heap after GC invocations=84 (full 61):
 PSYoungGen      total 590848K, used 464895K [0x000000076af00000, 0x00000007bf700000, 0x00000007c0000000)
  eden space 464896K, 99% used [0x000000076af00000,0x00000007874ffec8,0x0000000787500000)
  from space 125952K, 0% used [0x0000000787500000,0x0000000787500000,0x000000078f000000)
  to   space 459776K, 0% used [0x00000007a3600000,0x00000007a3600000,0x00000007bf700000)
 ParOldGen       total 2788352K, used 2788171K [0x00000006c0c00000, 0x000000076af00000, 0x000000076af00000)
  object space 2788352K, 99% used [0x00000006c0c00000,0x000000076aed2e58,0x000000076af00000)
 Metaspace       used 4132K, capacity 4790K, committed 4992K, reserved 1056768K
  class space    used 468K, capacity 534K, committed 640K, reserved 1048576K
}
Event: 169.032 GC heap before
{Heap before GC invocations=85 (full 62):
 PSYoungGen      total 590848K, used 464896K [0x000000076af00000, 0x00000007bf700000, 0x00000007c0000000)
  eden space 464896K, 100% used [0x000000076af00000,0x0000000787500000,0x0000000787500000)
  from space 125952K, 0% used [0x0000000787500000,0x0000000787500000,0x000000078f000000)
  to   space 459776K, 0% used [0x00000007a3600000,0x00000007a3600000,0x00000007bf700000)
 ParOldGen       total 2788352K, used 2788171K [0x00000006c0c00000, 0x000000076af00000, 0x000000076af00000)
  object space 2788352K, 99% used [0x00000006c0c00000,0x000000076aed2e58,0x000000076af00000)
 Metaspace       used 4132K, capacity 4790K, committed 4992K, reserved 1056768K
  class space    used 468K, capacity 534K, committed 640K, reserved 1048576K
Event: 171.594 GC heap after
Heap after GC invocations=85 (full 62):
 PSYoungGen      total 590848K, used 464895K [0x000000076af00000, 0x00000007bf700000, 0x00000007c0000000)
  eden space 464896K, 99% used [0x000000076af00000,0x00000007874fff80,0x0000000787500000)
  from space 125952K, 0% used [0x0000000787500000,0x0000000787500000,0x000000078f000000)
  to   space 459776K, 0% used [0x00000007a3600000,0x00000007a3600000,0x00000007bf700000)
 ParOldGen       total 2788352K, used 2788171K [0x00000006c0c00000, 0x000000076af00000, 0x000000076af00000)
  object space 2788352K, 99% used [0x00000006c0c00000,0x000000076aed2e58,0x000000076af00000)
 Metaspace       used 4132K, capacity 4790K, committed 4992K, reserved 1056768K
  class space    used 468K, capacity 534K, committed 640K, reserved 1048576K
}
Event: 171.599 GC heap before
{Heap before GC invocations=86 (full 63):
 PSYoungGen      total 590848K, used 464896K [0x000000076af00000, 0x00000007bf700000, 0x00000007c0000000)
  eden space 464896K, 100% used [0x000000076af00000,0x0000000787500000,0x0000000787500000)
  from space 125952K, 0% used [0x0000000787500000,0x0000000787500000,0x000000078f000000)
  to   space 459776K, 0% used [0x00000007a3600000,0x00000007a3600000,0x00000007bf700000)
 ParOldGen       total 2788352K, used 2788171K [0x00000006c0c00000, 0x000000076af00000, 0x000000076af00000)
  object space 2788352K, 99% used [0x00000006c0c00000,0x000000076aed2e58,0x000000076af00000)
 Metaspace       used 4132K, capacity 4790K, committed 4992K, reserved 1056768K
  class space    used 468K, capacity 534K, committed 640K, reserved 1048576K
Event: 174.150 GC heap after
Heap after GC invocations=86 (full 63):
 PSYoungGen      total 590848K, used 464895K [0x000000076af00000, 0x00000007bf700000, 0x00000007c0000000)
  eden space 464896K, 99% used [0x000000076af00000,0x00000007874fffd8,0x0000000787500000)
  from space 125952K, 0% used [0x0000000787500000,0x0000000787500000,0x000000078f000000)
  to   space 459776K, 0% used [0x00000007a3600000,0x00000007a3600000,0x00000007bf700000)
 ParOldGen       total 2788352K, used 2788171K [0x00000006c0c00000, 0x000000076af00000, 0x000000076af00000)
  object space 2788352K, 99% used [0x00000006c0c00000,0x000000076aed2e58,0x000000076af00000)
 Metaspace       used 4132K, capacity 4790K, committed 4992K, reserved 1056768K
  class space    used 468K, capacity 534K, committed 640K, reserved 1048576K
}
Event: 174.155 GC heap before
{Heap before GC invocations=87 (full 64):
 PSYoungGen      total 590848K, used 464895K [0x000000076af00000, 0x00000007bf700000, 0x00000007c0000000)
  eden space 464896K, 99% used [0x000000076af00000,0x00000007874ffff0,0x0000000787500000)
  from space 125952K, 0% used [0x0000000787500000,0x0000000787500000,0x000000078f000000)
  to   space 459776K, 0% used [0x00000007a3600000,0x00000007a3600000,0x00000007bf700000)
 ParOldGen       total 2788352K, used 2788171K [0x00000006c0c00000, 0x000000076af00000, 0x000000076af00000)
  object space 2788352K, 99% used [0x00000006c0c00000,0x000000076aed2e58,0x000000076af00000)
 Metaspace       used 4132K, capacity 4790K, committed 4992K, reserved 1056768K
  class space    used 468K, capacity 534K, committed 640K, reserved 1048576K

