# JRE version: Java(TM) SE Runtime Environment (8.0_221-b11) (build 1.8.0_221-b11)
# Java VM: Java HotSpot(TM) 64-Bit Server VM (25.221-b11 mixed mode windows-amd64 compressed oops)
Heap:
 PSYoungGen      total 590848K, used 464896K [0x000000076af00000, 0x00000007bf800000, 0x00000007c0000000)
  eden space 464896K, 100% used [0x000000076af00000,0x0000000787500000,0x0000000787500000)
  from space 125952K, 0% used [0x0000000787500000,0x0000000787500000,0x000000078f000000)
  to   space 460288K, 0% used [0x00000007a3680000,0x00000007a3680000,0x00000007bf800000)
 ParOldGen       total 2788352K, used 2788173K [0x00000006c0c00000, 0x000000076af00000, 0x000000076af00000)
  object space 2788352K, 99% used [0x00000006c0c00000,0x000000076aed3528,0x000000076af00000)
 Metaspace       used 4136K, capacity 4790K, committed 4992K, reserved 1056768K
  class space    used 468K, capacity 534K, committed 640K, reserved 1048576K
GC Heap History (10 events):
Event: 108.863 GC heap after
Heap after GC invocations=59 (full 36):
 PSYoungGen      total 590848K, used 464823K [0x000000076af00000, 0x00000007bf800000, 0x00000007c0000000)
  eden space 464896K, 99% used [0x000000076af00000,0x00000007874edf98,0x0000000787500000)
  from space 125952K, 0% used [0x0000000787500000,0x0000000787500000,0x000000078f000000)
  to   space 460288K, 0% used [0x00000007a3680000,0x00000007a3680000,0x00000007bf800000)
 ParOldGen       total 2788352K, used 2788173K [0x00000006c0c00000, 0x000000076af00000, 0x000000076af00000)
  object space 2788352K, 99% used [0x00000006c0c00000,0x000000076aed3528,0x000000076af00000)
 Metaspace       used 4136K, capacity 4790K, committed 4992K, reserved 1056768K
  class space    used 468K, capacity 534K, committed 640K, reserved 1048576K
}
Event: 108.868 GC heap before
{Heap before GC invocations=60 (full 37):
 PSYoungGen      total 590848K, used 464896K [0x000000076af00000, 0x00000007bf800000, 0x00000007c0000000)
  eden space 464896K, 100% used [0x000000076af00000,0x0000000787500000,0x0000000787500000)
  from space 125952K, 0% used [0x0000000787500000,0x0000000787500000,0x000000078f000000)
  to   space 460288K, 0% used [0x00000007a3680000,0x00000007a3680000,0x00000007bf800000)
 ParOldGen       total 2788352K, used 2788173K [0x00000006c0c00000, 0x000000076af00000, 0x000000076af00000)
  object space 2788352K, 99% used [0x00000006c0c00000,0x000000076aed3528,0x000000076af00000)
 Metaspace       used 4136K, capacity 4790K, committed 4992K, reserved 1056768K
  class space    used 468K, capacity 534K, committed 640K, reserved 1048576K
Event: 111.622 GC heap after
Heap after GC invocations=60 (full 37):
 PSYoungGen      total 590848K, used 464845K [0x000000076af00000, 0x00000007bf800000, 0x00000007c0000000)
  eden space 464896K, 99% used [0x000000076af00000,0x00000007874f3508,0x0000000787500000)
  from space 125952K, 0% used [0x0000000787500000,0x0000000787500000,0x000000078f000000)
  to   space 460288K, 0% used [0x00000007a3680000,0x00000007a3680000,0x00000007bf800000)
 ParOldGen       total 2788352K, used 2788173K [0x00000006c0c00000, 0x000000076af00000, 0x000000076af00000)
  object space 2788352K, 99% used [0x00000006c0c00000,0x000000076aed3528,0x000000076af00000)
 Metaspace       used 4136K, capacity 4790K, committed 4992K, reserved 1056768K
  class space    used 468K, capacity 534K, committed 640K, reserved 1048576K
}
Event: 111.631 GC heap before
{Heap before GC invocations=61 (full 38):
 PSYoungGen      total 590848K, used 464896K [0x000000076af00000, 0x00000007bf800000, 0x00000007c0000000)
  eden space 464896K, 100% used [0x000000076af00000,0x0000000787500000,0x0000000787500000)
  from space 125952K, 0% used [0x0000000787500000,0x0000000787500000,0x000000078f000000)
  to   space 460288K, 0% used [0x00000007a3680000,0x00000007a3680000,0x00000007bf800000)
 ParOldGen       total 2788352K, used 2788173K [0x00000006c0c00000, 0x000000076af00000, 0x000000076af00000)
  object space 2788352K, 99% used [0x00000006c0c00000,0x000000076aed3528,0x000000076af00000)
 Metaspace       used 4136K, capacity 4790K, committed 4992K, reserved 1056768K
  class space    used 468K, capacity 534K, committed 640K, reserved 1048576K
Event: 114.374 GC heap after
Heap after GC invocations=61 (full 38):
 PSYoungGen      total 590848K, used 464854K [0x000000076af00000, 0x00000007bf800000, 0x00000007c0000000)
  eden space 464896K, 99% used [0x000000076af00000,0x00000007874f5a00,0x0000000787500000)
  from space 125952K, 0% used [0x0000000787500000,0x0000000787500000,0x000000078f000000)
  to   space 460288K, 0% used [0x00000007a3680000,0x00000007a3680000,0x00000007bf800000)
 ParOldGen       total 2788352K, used 2788173K [0x00000006c0c00000, 0x000000076af00000, 0x000000076af00000)
  object space 2788352K, 99% used [0x00000006c0c00000,0x000000076aed3528,0x000000076af00000)
 Metaspace       used 4136K, capacity 4790K, committed 4992K, reserved 1056768K
  class space    used 468K, capacity 534K, committed 640K, reserved 1048576K
}
Event: 114.380 GC heap before
{Heap before GC invocations=62 (full 39):
 PSYoungGen      total 590848K, used 464896K [0x000000076af00000, 0x00000007bf800000, 0x00000007c0000000)
  eden space 464896K, 100% used [0x000000076af00000,0x0000000787500000,0x0000000787500000)
  from space 125952K, 0% used [0x0000000787500000,0x0000000787500000,0x000000078f000000)
  to   space 460288K, 0% used [0x00000007a3680000,0x00000007a3680000,0x00000007bf800000)
 ParOldGen       total 2788352K, used 2788173K [0x00000006c0c00000, 0x000000076af00000, 0x000000076af00000)
  object space 2788352K, 99% used [0x00000006c0c00000,0x000000076aed3528,0x000000076af00000)
 Metaspace       used 4136K, capacity 4790K, committed 4992K, reserved 1056768K
  class space    used 468K, capacity 534K, committed 640K, reserved 1048576K
Event: 117.116 GC heap after
Heap after GC invocations=62 (full 39):
 PSYoungGen      total 590848K, used 464861K [0x000000076af00000, 0x00000007bf800000, 0x00000007c0000000)
  eden space 464896K, 99% used [0x000000076af00000,0x00000007874f74a8,0x0000000787500000)
  from space 125952K, 0% used [0x0000000787500000,0x0000000787500000,0x000000078f000000)
  to   space 460288K, 0% used [0x00000007a3680000,0x00000007a3680000,0x00000007bf800000)
 ParOldGen       total 2788352K, used 2788173K [0x00000006c0c00000, 0x000000076af00000, 0x000000076af00000)
  object space 2788352K, 99% used [0x00000006c0c00000,0x000000076aed3528,0x000000076af00000)
 Metaspace       used 4136K, capacity 4790K, committed 4992K, reserved 1056768K
  class space    used 468K, capacity 534K, committed 640K, reserved 1048576K
}
Event: 117.124 GC heap before
{Heap before GC invocations=63 (full 40):
 PSYoungGen      total 590848K, used 464896K [0x000000076af00000, 0x00000007bf800000, 0x00000007c0000000)
  eden space 464896K, 100% used [0x000000076af00000,0x0000000787500000,0x0000000787500000)
  from space 125952K, 0% used [0x0000000787500000,0x0000000787500000,0x000000078f000000)
  to   space 460288K, 0% used [0x00000007a3680000,0x00000007a3680000,0x00000007bf800000)
 ParOldGen       total 2788352K, used 2788173K [0x00000006c0c00000, 0x000000076af00000, 0x000000076af00000)
  object space 2788352K, 99% used [0x00000006c0c00000,0x000000076aed3528,0x000000076af00000)
 Metaspace       used 4136K, capacity 4790K, committed 4992K, reserved 1056768K
  class space    used 468K, capacity 534K, committed 640K, reserved 1048576K
Event: 119.801 GC heap after
Heap after GC invocations=63 (full 40):
 PSYoungGen      total 590848K, used 464875K [0x000000076af00000, 0x00000007bf800000, 0x00000007c0000000)
  eden space 464896K, 99% used [0x000000076af00000,0x00000007874fadc0,0x0000000787500000)
  from space 125952K, 0% used [0x0000000787500000,0x0000000787500000,0x000000078f000000)
  to   space 460288K, 0% used [0x00000007a3680000,0x00000007a3680000,0x00000007bf800000)
 ParOldGen       total 2788352K, used 2788173K [0x00000006c0c00000, 0x000000076af00000, 0x000000076af00000)
  object space 2788352K, 99% used [0x00000006c0c00000,0x000000076aed3528,0x000000076af00000)
 Metaspace       used 4136K, capacity 4790K, committed 4992K, reserved 1056768K
  class space    used 468K, capacity 534K, committed 640K, reserved 1048576K
}
Event: 119.806 GC heap before
{Heap before GC invocations=64 (full 41):
 PSYoungGen      total 590848K, used 464896K [0x000000076af00000, 0x00000007bf800000, 0x00000007c0000000)
  eden space 464896K, 100% used [0x000000076af00000,0x0000000787500000,0x0000000787500000)
  from space 125952K, 0% used [0x0000000787500000,0x0000000787500000,0x000000078f000000)
  to   space 460288K, 0% used [0x00000007a3680000,0x00000007a3680000,0x00000007bf800000)
 ParOldGen       total 2788352K, used 2788173K [0x00000006c0c00000, 0x000000076af00000, 0x000000076af00000)
  object space 2788352K, 99% used [0x00000006c0c00000,0x000000076aed3528,0x000000076af00000)
 Metaspace       used 4136K, capacity 4790K, committed 4992K, reserved 1056768K
  class space    used 468K, capacity 534K, committed 640K, reserved 1048576K

